[2025-08-13 18:17:02,083][accelerate.utils.other][WARNING] - Detected kernel version 5.4.0, which is below the recommended minimum of 5.5.0; this can cause the process to hang. It is recommended to upgrade the kernel to the minimum version or higher.
[2025-08-13 18:17:02,084][__main__][INFO] - output_dir: ../checkpoints/vggt_finetune/
[2025-08-13 18:17:02,138][__main__][INFO] - Saving current code to ../checkpoints/vggt_finetune/code/08_13-18:17:02
[2025-08-13 18:17:02,138][__main__][INFO] - job dir: /home/chensiyu/streamvggt/src
[2025-08-13 18:17:02,138][__main__][INFO] - Setting seed to 0 for process 0
[2025-08-13 18:17:02,140][__main__][INFO] - Building train dataset 2250 @ VirtualKITTI2_Multi(allow_repeat=False, split=None, ROOT="/data/chensiyu/datas/streamvggt/mast3r_data/processed_vkitti", aug_crop=16, resolution=[(518, 392), (518, 336), (518, 294), (518, 266), (518, 210), (518, 154), (392, 518), (336, 518), (294, 518), (266, 518)], transform=SeqColorJitter, num_views=10, n_corres=0)
[2025-08-13 18:17:02,141][__main__][INFO] - Building Train Data loader for dataset: 2250 @ VirtualKITTI2_Multi(allow_repeat=False, split=None, ROOT="/data/chensiyu/datas/streamvggt/mast3r_data/processed_vkitti", aug_crop=16, resolution=[(518, 392), (518, 336), (518, 294), (518, 266), (518, 210), (518, 154), (392, 518), (336, 518), (294, 518), (266, 518)], transform=SeqColorJitter, num_views=10, n_corres=0)
[2025-08-13 18:17:02,284][__main__][INFO] - Building test dataset 1000 @ VirtualKITTI2_Multi(allow_repeat=False, split='test', ROOT="/data/chensiyu/datas/streamvggt/mast3r_data/processed_vkitti", aug_crop=16, resolution=[(518, 392), (518, 336), (518, 294), (518, 266), (518, 210), (518, 154), (392, 518), (336, 518), (294, 518), (266, 518)], transform=SeqColorJitter, num_views=10, n_corres=0)
[2025-08-13 18:17:02,284][__main__][INFO] - Building Test Data loader for dataset: 1000 @ VirtualKITTI2_Multi(allow_repeat=False, split='test', ROOT="/data/chensiyu/datas/streamvggt/mast3r_data/processed_vkitti", aug_crop=16, resolution=[(518, 392), (518, 336), (518, 294), (518, 266), (518, 210), (518, 154), (392, 518), (336, 518), (294, 518), (266, 518)], transform=SeqColorJitter, num_views=10, n_corres=0)
[2025-08-13 18:17:02,338][__main__][INFO] - >> Creating train criterion = MetricDepthLoss(alpha=0.1)
[2025-08-13 18:17:02,339][__main__][INFO] - >> Creating test criterion = MetricDepthLoss(alpha=0.1)
[2025-08-13 18:17:02,341][dinov2][WARNING] - xFormers not available
[2025-08-13 18:17:02,342][dinov2][WARNING] - xFormers not available
[2025-08-13 18:17:02,351][dinov2][INFO] - using MLP layer as FFN
[2025-08-13 18:17:05,816][__main__][INFO] - Loading model
[2025-08-13 18:17:05,824][dinov2][INFO] - using MLP layer as FFN
[2025-08-13 18:17:18,994][__main__][INFO] - All model parameters: 1256537516
[2025-08-13 18:17:20,785][__main__][INFO] - Loading pretrained: /data/chensiyu/pretrained/vggt/model.pt
[2025-08-13 18:18:24,709][accelerate.utils.other][WARNING] - Detected kernel version 5.4.0, which is below the recommended minimum of 5.5.0; this can cause the process to hang. It is recommended to upgrade the kernel to the minimum version or higher.
[2025-08-13 18:18:24,709][__main__][INFO] - output_dir: ../checkpoints/vggt_finetune/
[2025-08-13 18:18:24,739][__main__][INFO] - Saving current code to ../checkpoints/vggt_finetune/code/08_13-18:18:24
[2025-08-13 18:18:24,740][__main__][INFO] - job dir: /home/chensiyu/streamvggt/src
[2025-08-13 18:18:24,740][__main__][INFO] - Setting seed to 0 for process 0
[2025-08-13 18:18:24,741][__main__][INFO] - Building train dataset 2250 @ VirtualKITTI2_Multi(allow_repeat=False, split=None, ROOT="/data/chensiyu/datas/streamvggt/mast3r_data/processed_vkitti", aug_crop=16, resolution=[(518, 392), (518, 336), (518, 294), (518, 266), (518, 210), (518, 154), (392, 518), (336, 518), (294, 518), (266, 518)], transform=SeqColorJitter, num_views=10, n_corres=0)
[2025-08-13 18:18:24,741][__main__][INFO] - Building Train Data loader for dataset: 2250 @ VirtualKITTI2_Multi(allow_repeat=False, split=None, ROOT="/data/chensiyu/datas/streamvggt/mast3r_data/processed_vkitti", aug_crop=16, resolution=[(518, 392), (518, 336), (518, 294), (518, 266), (518, 210), (518, 154), (392, 518), (336, 518), (294, 518), (266, 518)], transform=SeqColorJitter, num_views=10, n_corres=0)
[2025-08-13 18:18:24,878][__main__][INFO] - Building test dataset 1000 @ VirtualKITTI2_Multi(allow_repeat=False, split='test', ROOT="/data/chensiyu/datas/streamvggt/mast3r_data/processed_vkitti", aug_crop=16, resolution=[(518, 392), (518, 336), (518, 294), (518, 266), (518, 210), (518, 154), (392, 518), (336, 518), (294, 518), (266, 518)], transform=SeqColorJitter, num_views=10, n_corres=0)
[2025-08-13 18:18:24,878][__main__][INFO] - Building Test Data loader for dataset: 1000 @ VirtualKITTI2_Multi(allow_repeat=False, split='test', ROOT="/data/chensiyu/datas/streamvggt/mast3r_data/processed_vkitti", aug_crop=16, resolution=[(518, 392), (518, 336), (518, 294), (518, 266), (518, 210), (518, 154), (392, 518), (336, 518), (294, 518), (266, 518)], transform=SeqColorJitter, num_views=10, n_corres=0)
[2025-08-13 18:18:24,930][__main__][INFO] - >> Creating train criterion = MetricDepthLoss(alpha=0.1)
[2025-08-13 18:18:24,930][__main__][INFO] - >> Creating test criterion = MetricDepthLoss(alpha=0.1)
[2025-08-13 18:18:24,933][dinov2][WARNING] - xFormers not available
[2025-08-13 18:18:24,933][dinov2][WARNING] - xFormers not available
[2025-08-13 18:18:24,944][dinov2][INFO] - using MLP layer as FFN
[2025-08-13 18:18:27,412][__main__][INFO] - Loading model
[2025-08-13 18:18:27,420][dinov2][INFO] - using MLP layer as FFN
[2025-08-13 18:18:40,394][__main__][INFO] - All model parameters: 1256537516
[2025-08-13 18:18:43,709][__main__][INFO] - Loading pretrained: /data/chensiyu/pretrained/vggt/model.pt
[2025-08-13 18:18:47,700][__main__][INFO] - None
[2025-08-13 18:18:47,704][__main__][INFO] - Freezing patch embedding and positional encoding parameters...
